C:\Users\bryan\Documents\Visual Studio 2010\Projects\PSmile\PSmile\Release\cl.command.1.tlog
C:\Users\bryan\Documents\Visual Studio 2010\Projects\PSmile\PSmile\Release\CL.read.1.tlog
C:\Users\bryan\Documents\Visual Studio 2010\Projects\PSmile\PSmile\Release\CL.write.1.tlog
C:\USERS\BRYAN\DOCUMENTS\VISUAL STUDIO 2010\PROJECTS\PSMILE\PSMILE\RELEASE\DLLMAIN.OBJ
C:\Users\bryan\Documents\Visual Studio 2010\Projects\PSmile\PSmile\Release\link.command.1.tlog
C:\Users\bryan\Documents\Visual Studio 2010\Projects\PSmile\PSmile\Release\link.read.1.tlog
C:\Users\bryan\Documents\Visual Studio 2010\Projects\PSmile\PSmile\Release\link.write.1.tlog
C:\Users\bryan\Documents\Visual Studio 2010\Projects\PSmile\PSmile\Release\mt.command.1.tlog
C:\Users\bryan\Documents\Visual Studio 2010\Projects\PSmile\PSmile\Release\mt.read.1.tlog
C:\Users\bryan\Documents\Visual Studio 2010\Projects\PSmile\PSmile\Release\mt.write.1.tlog
C:\USERS\BRYAN\DOCUMENTS\VISUAL STUDIO 2010\PROJECTS\PSMILE\PSMILE\RELEASE\PSMILE.DLL.INTERMEDIATE.MANIFEST
C:\USERS\BRYAN\DOCUMENTS\VISUAL STUDIO 2010\PROJECTS\PSMILE\PSMILE\RELEASE\PSMILE.OBJ
C:\USERS\BRYAN\DOCUMENTS\VISUAL STUDIO 2010\PROJECTS\PSMILE\PSMILE\RELEASE\PSMILE.PCH
C:\Users\bryan\Documents\Visual Studio 2010\Projects\PSmile\PSmile\Release\PSmile.write.1.tlog
C:\USERS\BRYAN\DOCUMENTS\VISUAL STUDIO 2010\PROJECTS\PSMILE\PSMILE\RELEASE\PSMILE_PSMILE.OBJ
C:\USERS\BRYAN\DOCUMENTS\VISUAL STUDIO 2010\PROJECTS\PSMILE\PSMILE\RELEASE\STDAFX.OBJ
C:\USERS\BRYAN\DOCUMENTS\VISUAL STUDIO 2010\PROJECTS\PSMILE\PSMILE\RELEASE\VC100.PDB
C:\USERS\BRYAN\DOCUMENTS\VISUAL STUDIO 2010\PROJECTS\PSMILE\RELEASE\PSMILE.DLL
C:\Users\bryan\Documents\Visual Studio 2010\Projects\PSmile\Release\PSmile.exp
C:\Users\bryan\Documents\Visual Studio 2010\Projects\PSmile\Release\PSmile.lib
C:\USERS\BRYAN\DOCUMENTS\VISUAL STUDIO 2010\PROJECTS\PSMILE\RELEASE\PSMILE.PDB
