C:\USERS\BRYAN\DOCUMENTS\VISUAL STUDIO 2010\PROJECTS\MPI\MPEYEFINDER\RELEASE\BEYESOBJECT.OBJ
C:\Users\bryan\Documents\Visual Studio 2010\Projects\mpi\mpeyefinder\Release\cl.command.1.tlog
C:\Users\bryan\Documents\Visual Studio 2010\Projects\mpi\mpeyefinder\Release\CL.read.1.tlog
C:\Users\bryan\Documents\Visual Studio 2010\Projects\mpi\mpeyefinder\Release\CL.write.1.tlog
C:\USERS\BRYAN\DOCUMENTS\VISUAL STUDIO 2010\PROJECTS\MPI\MPEYEFINDER\RELEASE\EYEFINDER.OBJ
C:\USERS\BRYAN\DOCUMENTS\VISUAL STUDIO 2010\PROJECTS\MPI\MPEYEFINDER\RELEASE\EYEFINDERBINARY.OBJ
C:\USERS\BRYAN\DOCUMENTS\VISUAL STUDIO 2010\PROJECTS\MPI\MPEYEFINDER\RELEASE\EYEOBJECT.OBJ
C:\USERS\BRYAN\DOCUMENTS\VISUAL STUDIO 2010\PROJECTS\MPI\MPEYEFINDER\RELEASE\FACEOBJECT.OBJ
C:\USERS\BRYAN\DOCUMENTS\VISUAL STUDIO 2010\PROJECTS\MPI\MPEYEFINDER\RELEASE\LEFTEYE_EYE_DIST_EYE_CENTERED.OBJ
C:\USERS\BRYAN\DOCUMENTS\VISUAL STUDIO 2010\PROJECTS\MPI\MPEYEFINDER\RELEASE\LEFTEYE_EYE_DIST_FACE_CENTERED.OBJ
C:\USERS\BRYAN\DOCUMENTS\VISUAL STUDIO 2010\PROJECTS\MPI\MPEYEFINDER\RELEASE\LEFTEYE_EYE_ONLY_EYE_CENTERED.OBJ
C:\USERS\BRYAN\DOCUMENTS\VISUAL STUDIO 2010\PROJECTS\MPI\MPEYEFINDER\RELEASE\LEFTEYE_HALF_DIST_EYE_CENTERED.OBJ
C:\USERS\BRYAN\DOCUMENTS\VISUAL STUDIO 2010\PROJECTS\MPI\MPEYEFINDER\RELEASE\LEFTEYE_LARGEST_2_EYE_CENTERED.OBJ
C:\USERS\BRYAN\DOCUMENTS\VISUAL STUDIO 2010\PROJECTS\MPI\MPEYEFINDER\RELEASE\LEFTEYE_LARGEST_EYE_CENTERED.OBJ
C:\USERS\BRYAN\DOCUMENTS\VISUAL STUDIO 2010\PROJECTS\MPI\MPEYEFINDER\RELEASE\LEFTEYE_LARGEST_FACE_CENTERED.OBJ
C:\USERS\BRYAN\DOCUMENTS\VISUAL STUDIO 2010\PROJECTS\MPI\MPEYEFINDER\RELEASE\LEFTEYE_SMALLEST_EYE_CENTERED.OBJ
C:\Users\bryan\Documents\Visual Studio 2010\Projects\mpi\mpeyefinder\Release\lib.command.1.tlog
C:\Users\bryan\Documents\Visual Studio 2010\Projects\mpi\mpeyefinder\Release\Lib-link.read.1.tlog
C:\Users\bryan\Documents\Visual Studio 2010\Projects\mpi\mpeyefinder\Release\Lib-link.write.1.tlog
C:\USERS\BRYAN\DOCUMENTS\VISUAL STUDIO 2010\PROJECTS\MPI\MPEYEFINDER\RELEASE\RIGHTEYE_EYE_DIST_EYE_CENTERED.OBJ
C:\USERS\BRYAN\DOCUMENTS\VISUAL STUDIO 2010\PROJECTS\MPI\MPEYEFINDER\RELEASE\RIGHTEYE_EYE_DIST_FACE_CENTERED.OBJ
C:\USERS\BRYAN\DOCUMENTS\VISUAL STUDIO 2010\PROJECTS\MPI\MPEYEFINDER\RELEASE\RIGHTEYE_EYE_ONLY_EYE_CENTERED.OBJ
C:\USERS\BRYAN\DOCUMENTS\VISUAL STUDIO 2010\PROJECTS\MPI\MPEYEFINDER\RELEASE\RIGHTEYE_HALF_DIST_EYE_CENTERED.OBJ
C:\USERS\BRYAN\DOCUMENTS\VISUAL STUDIO 2010\PROJECTS\MPI\MPEYEFINDER\RELEASE\RIGHTEYE_LARGEST_2_EYE_CENTERED.OBJ
C:\USERS\BRYAN\DOCUMENTS\VISUAL STUDIO 2010\PROJECTS\MPI\MPEYEFINDER\RELEASE\RIGHTEYE_LARGEST_EYE_CENTERED.OBJ
C:\USERS\BRYAN\DOCUMENTS\VISUAL STUDIO 2010\PROJECTS\MPI\MPEYEFINDER\RELEASE\RIGHTEYE_LARGEST_FACE_CENTERED.OBJ
C:\USERS\BRYAN\DOCUMENTS\VISUAL STUDIO 2010\PROJECTS\MPI\MPEYEFINDER\RELEASE\RIGHTEYE_SMALLEST_EYE_CENTERED.OBJ
C:\USERS\BRYAN\DOCUMENTS\VISUAL STUDIO 2010\PROJECTS\MPI\MPEYEFINDER\RELEASE\VC100.PDB
C:\USERS\BRYAN\DOCUMENTS\VISUAL STUDIO 2010\PROJECTS\MPI\MPEYEFINDER\RELEASE\VISUALOBJECT.OBJ
C:\USERS\BRYAN\DOCUMENTS\VISUAL STUDIO 2010\PROJECTS\MPI\RELEASE\MPEYEFINDER.LIB
